SF:lib\ml\tflite_service.dart
DA:11,1
DA:12,1
DA:13,1
DA:14,1
DA:20,2
DA:22,2
DA:26,0
DA:27,0
DA:28,0
DA:30,4
DA:31,2
DA:32,2
DA:36,1
DA:37,2
DA:38,1
DA:39,1
DA:40,1
DA:41,1
DA:47,1
DA:48,0
DA:51,1
DA:55,7
DA:58,2
DA:60,0
DA:61,0
DA:64,1
DA:65,4
DA:66,3
DA:69,2
DA:70,0
DA:71,0
DA:78,1
DA:81,1
DA:82,1
DA:83,1
DA:87,0
DA:90,1
DA:92,4
DA:93,3
DA:94,3
DA:96,1
DA:105,1
DA:109,1
DA:111,2
DA:113,2
DA:115,3
DA:116,1
DA:120,3
DA:121,3
DA:122,2
DA:129,4
DA:130,5
DA:131,4
DA:132,4
LF:54
LH:45
end_of_record
SF:lib\services\api_service.dart
DA:9,4
DA:14,2
DA:26,2
DA:27,2
DA:30,6
DA:31,4
DA:34,4
DA:35,2
DA:36,1
DA:40,2
DA:41,1
DA:43,2
DA:46,2
DA:47,3
DA:48,2
DA:49,2
DA:50,2
DA:51,2
DA:52,2
DA:55,2
DA:56,0
DA:58,0
DA:60,2
LF:23
LH:21
end_of_record
SF:lib\main.dart
DA:12,2
DA:18,1
DA:22,1
DA:24,2
DA:25,1
DA:26,1
DA:27,2
DA:30,1
DA:31,1
DA:34,1
DA:35,1
DA:36,1
DA:38,1
DA:39,1
DA:41,3
DA:42,1
DA:44,1
DA:48,1
DA:49,1
DA:52,1
DA:54,1
DA:56,1
DA:58,1
DA:59,1
DA:63,1
DA:64,1
DA:65,1
DA:75,1
DA:78,1
DA:80,1
DA:84,1
DA:85,1
DA:86,1
DA:87,1
DA:88,1
DA:93,1
DA:95,2
DA:97,1
DA:98,0
DA:99,1
DA:100,1
LF:41
LH:40
end_of_record
SF:lib\screens\onboarding_screen.dart
DA:6,1
DA:8,2
DA:9,2
DA:35,1
DA:36,1
DA:37,1
DA:38,1
DA:39,1
DA:40,3
DA:44,2
DA:46,2
DA:47,2
DA:48,2
DA:50,2
DA:51,2
DA:52,1
DA:53,3
DA:55,4
DA:56,2
DA:57,2
DA:62,2
DA:66,2
DA:67,2
DA:69,2
DA:71,2
DA:72,4
DA:73,4
DA:77,4
DA:78,2
DA:79,4
DA:81,2
DA:82,2
DA:90,2
DA:93,2
DA:94,2
DA:97,2
DA:98,2
DA:100,1
DA:101,5
DA:102,0
DA:104,2
DA:110,2
DA:111,10
DA:121,10
DA:122,2
DA:123,2
DA:135,2
DA:136,2
DA:138,2
DA:140,2
DA:141,2
DA:143,2
DA:144,2
DA:147,8
DA:150,2
DA:151,6
DA:156,2
DA:157,6
LF:58
LH:57
end_of_record
SF:lib\screens\login_screen.dart
DA:8,2
DA:10,2
DA:12,2
DA:24,3
DA:26,1
DA:27,3
DA:29,3
DA:30,2
DA:31,3
DA:32,3
DA:36,1
DA:37,3
DA:39,1
DA:41,2
DA:43,3
DA:44,1
DA:45,2
DA:54,1
DA:55,3
DA:56,2
DA:57,3
DA:58,3
DA:62,3
DA:63,2
DA:66,1
DA:67,3
DA:69,1
DA:71,1
DA:72,1
DA:73,1
DA:74,1
DA:75,3
DA:78,3
DA:79,3
DA:82,1
DA:83,1
DA:84,2
DA:85,2
DA:86,2
DA:87,1
DA:88,1
DA:89,0
DA:97,2
DA:99,4
DA:100,4
DA:101,2
DA:104,2
DA:106,2
DA:107,2
DA:108,2
DA:109,2
DA:110,2
DA:112,2
DA:113,2
DA:114,2
DA:116,2
DA:118,2
DA:120,2
DA:130,2
DA:132,2
DA:133,2
DA:136,2
DA:140,2
DA:146,2
DA:147,2
DA:148,2
DA:151,2
DA:156,2
DA:157,2
DA:158,2
DA:160,2
DA:166,2
DA:167,2
DA:169,2
DA:170,2
DA:172,2
DA:173,2
DA:175,2
DA:176,2
DA:177,4
DA:180,1
DA:181,1
DA:182,1
DA:183,2
DA:190,2
DA:191,2
DA:192,2
DA:193,2
DA:194,2
DA:196,2
DA:197,2
DA:198,2
DA:202,1
DA:203,1
DA:204,3
DA:207,2
DA:208,2
DA:210,2
DA:211,2
DA:212,4
DA:215,1
DA:216,1
DA:217,1
DA:218,3
DA:224,2
DA:226,2
DA:227,2
DA:228,2
DA:229,2
DA:230,4
DA:237,2
DA:239,2
DA:240,2
DA:241,2
DA:243,2
DA:245,2
DA:246,2
DA:250,2
DA:251,2
DA:261,2
DA:264,2
DA:265,2
DA:266,0
DA:267,0
DA:268,2
DA:269,2
DA:270,2
DA:271,2
DA:291,1
DA:293,1
DA:294,1
DA:307,0
DA:308,0
DA:310,0
DA:311,0
DA:312,0
DA:313,0
DA:317,0
DA:318,0
DA:320,0
DA:323,0
DA:324,0
DA:325,0
DA:326,0
DA:331,0
DA:332,0
DA:333,0
DA:340,1
DA:342,2
DA:343,2
DA:344,1
DA:347,1
DA:349,1
DA:350,1
DA:351,2
DA:354,1
DA:356,1
DA:357,1
DA:359,1
DA:360,1
DA:361,1
DA:363,1
DA:364,1
DA:365,1
DA:366,2
DA:371,1
DA:372,1
DA:375,1
DA:376,1
DA:379,1
DA:380,1
DA:383,0
DA:384,0
DA:390,1
DA:391,1
DA:392,1
DA:393,1
DA:394,1
DA:396,1
DA:397,1
DA:398,1
DA:402,0
DA:403,0
DA:404,0
DA:407,1
DA:408,1
DA:410,0
DA:411,0
DA:412,0
DA:414,0
DA:421,1
DA:423,1
DA:424,1
DA:425,1
DA:427,1
DA:429,1
DA:430,1
DA:432,1
DA:433,1
LF:199
LH:171
end_of_record
SF:lib\screens\register_screen.dart
DA:9,2
DA:11,2
DA:12,2
DA:27,3
DA:29,1
DA:31,3
DA:33,3
DA:35,2
DA:36,3
DA:37,3
DA:38,3
DA:41,3
DA:43,2
DA:45,1
DA:46,3
DA:47,1
DA:48,2
DA:53,2
DA:57,1
DA:58,3
DA:59,1
DA:60,2
DA:69,2
DA:71,4
DA:72,4
DA:73,4
DA:74,2
DA:77,2
DA:79,2
DA:80,2
DA:81,2
DA:84,2
DA:86,2
DA:87,2
DA:89,2
DA:90,2
DA:91,2
DA:93,2
DA:96,2
DA:98,2
DA:107,2
DA:108,2
DA:110,2
DA:111,2
DA:114,2
DA:117,2
DA:123,2
DA:124,2
DA:125,2
DA:128,2
DA:133,2
DA:134,2
DA:135,2
DA:137,2
DA:143,2
DA:144,2
DA:146,2
DA:147,2
DA:149,2
DA:150,2
DA:152,2
DA:153,2
DA:154,4
DA:157,1
DA:158,2
DA:163,2
DA:164,2
DA:166,2
DA:167,2
DA:169,2
DA:170,2
DA:172,2
DA:173,2
DA:174,4
DA:177,1
DA:178,1
DA:179,1
DA:180,1
DA:187,2
DA:188,2
DA:189,2
DA:190,2
DA:191,2
DA:193,2
DA:194,2
DA:195,2
DA:199,0
DA:200,0
DA:201,0
DA:204,2
DA:205,2
DA:207,2
DA:208,2
DA:209,4
DA:212,3
DA:213,1
DA:219,2
DA:221,2
DA:222,2
DA:223,2
DA:225,2
DA:228,2
DA:229,2
DA:232,2
DA:233,2
DA:243,2
DA:244,2
DA:247,2
DA:248,2
DA:249,0
DA:250,2
DA:251,2
DA:252,2
DA:253,2
LF:114
LH:110
end_of_record
SF:lib\navigation.dart
DA:11,1
DA:13,2
DA:14,2
DA:28,2
DA:30,2
DA:31,2
DA:32,2
DA:33,2
DA:35,2
DA:36,2
DA:37,2
DA:38,2
DA:39,2
DA:45,2
DA:46,2
DA:47,0
DA:48,2
DA:49,2
DA:55,2
DA:56,2
DA:59,2
DA:61,2
DA:64,2
DA:66,2
DA:69,2
DA:71,2
DA:74,2
LF:27
LH:26
end_of_record
SF:lib\screens\home_screen.dart
DA:8,1
DA:10,3
DA:11,3
DA:17,3
DA:19,3
DA:20,3
DA:24,3
DA:25,6
DA:28,2
DA:30,2
DA:31,3
DA:35,3
DA:37,3
DA:38,3
DA:39,3
DA:45,3
DA:47,3
DA:49,0
DA:50,0
DA:52,2
DA:61,3
DA:62,3
DA:63,3
DA:66,3
DA:68,3
DA:70,6
DA:75,6
DA:81,6
DA:85,3
DA:90,6
DA:95,3
DA:96,3
DA:99,3
DA:101,3
DA:102,6
DA:104,6
DA:106,1
DA:107,1
DA:108,1
DA:110,1
DA:111,2
DA:112,3
DA:113,1
DA:114,1
DA:115,2
DA:116,2
DA:121,1
DA:122,0
DA:124,1
DA:125,4
DA:126,2
DA:127,3
DA:128,1
DA:129,3
DA:132,2
DA:142,3
DA:143,3
DA:145,3
DA:146,3
DA:147,3
DA:148,6
DA:150,3
DA:151,3
DA:152,6
DA:153,6
DA:154,6
DA:155,6
DA:161,3
DA:162,3
DA:164,3
DA:165,3
DA:166,6
DA:168,3
DA:169,3
DA:177,1
DA:179,1
DA:181,2
DA:182,1
DA:184,1
DA:185,1
DA:186,1
DA:187,1
DA:191,0
DA:192,0
DA:193,0
DA:196,1
DA:197,1
LF:87
LH:81
end_of_record
SF:lib\screens\camera_screen.dart
DA:15,2
DA:17,3
DA:18,3
DA:29,3
DA:31,3
DA:32,6
DA:33,3
DA:36,3
DA:39,6
DA:40,3
DA:42,3
DA:45,6
DA:46,4
DA:50,2
DA:51,2
DA:56,2
DA:59,0
DA:61,3
DA:64,3
DA:67,0
DA:68,0
DA:71,0
DA:72,0
DA:74,0
DA:76,0
DA:77,0
DA:82,3
DA:84,4
DA:85,6
DA:86,3
DA:89,0
DA:91,0
DA:93,0
DA:97,0
DA:98,0
DA:99,0
DA:100,0
DA:101,0
DA:106,0
DA:107,0
DA:108,0
DA:110,0
DA:112,0
DA:116,0
DA:117,0
DA:119,0
DA:121,0
DA:122,0
DA:124,0
DA:125,0
DA:126,0
DA:127,0
DA:128,0
DA:129,0
DA:133,0
DA:135,0
DA:136,0
DA:137,0
DA:138,0
DA:142,0
DA:143,0
DA:144,0
DA:145,0
DA:146,0
DA:152,0
DA:156,3
DA:158,6
DA:159,3
DA:160,3
DA:161,3
DA:163,3
DA:166,3
DA:167,3
DA:178,0
DA:179,0
DA:180,0
DA:181,0
DA:182,0
DA:183,0
DA:184,0
DA:187,0
DA:188,0
DA:191,0
DA:193,0
DA:194,0
DA:198,0
DA:202,0
DA:204,0
DA:205,0
DA:207,0
DA:211,0
DA:212,0
DA:213,0
DA:216,0
DA:218,0
DA:233,0
DA:234,0
DA:250,0
DA:251,0
LF:99
LH:30
end_of_record
SF:lib\screens\history_screen.dart
DA:8,1
DA:10,3
DA:11,3
DA:21,3
DA:23,3
DA:24,3
DA:27,3
DA:29,6
DA:30,3
DA:33,3
DA:34,9
DA:35,6
DA:36,2
DA:37,1
DA:38,1
DA:39,1
DA:43,1
DA:44,2
DA:45,1
DA:46,0
DA:48,2
DA:49,3
DA:50,1
DA:51,1
DA:52,2
DA:53,1
DA:58,1
DA:59,2
DA:60,1
DA:64,1
DA:65,1
DA:67,2
DA:68,2
DA:69,2
DA:70,1
DA:71,1
DA:72,0
DA:73,2
DA:75,1
DA:76,1
DA:77,2
DA:78,2
DA:86,3
DA:88,3
DA:89,3
DA:90,3
DA:91,3
DA:92,1
DA:93,1
DA:95,1
DA:97,1
DA:102,1
DA:104,6
DA:106,3
DA:107,3
DA:108,6
DA:109,1
DA:110,2
DA:111,1
DA:112,0
DA:113,0
DA:114,0
DA:116,1
DA:121,3
DA:123,3
DA:124,3
DA:128,3
DA:130,2
DA:131,1
DA:132,2
DA:136,1
DA:137,1
DA:138,1
DA:140,1
DA:141,1
DA:142,1
DA:144,1
DA:147,1
DA:148,3
DA:153,1
DA:154,3
DA:162,1
DA:163,1
DA:165,1
DA:166,1
DA:167,1
DA:168,1
DA:169,2
DA:170,1
DA:171,3
DA:173,0
DA:174,0
DA:176,1
DA:179,1
DA:181,1
DA:185,0
DA:186,1
DA:189,2
DA:190,1
DA:192,1
DA:194,1
DA:195,1
DA:196,1
DA:197,3
DA:198,0
DA:200,1
DA:203,1
DA:207,2
DA:209,1
DA:210,5
DA:211,1
DA:213,1
DA:214,1
DA:215,1
DA:216,2
DA:217,2
DA:225,1
DA:226,1
DA:228,1
DA:229,2
DA:230,2
DA:232,1
DA:233,1
DA:234,1
DA:235,1
LF:125
LH:116
end_of_record
SF:lib\screens\SettingsScreen.dart
DA:7,1
DA:9,2
DA:10,2
DA:17,2
DA:19,2
DA:20,2
DA:24,2
DA:25,2
DA:26,4
DA:27,4
DA:28,4
DA:33,0
DA:34,0
DA:35,0
DA:39,0
DA:40,0
DA:42,0
DA:44,0
DA:45,0
DA:46,0
DA:51,0
DA:54,0
DA:57,0
DA:58,0
DA:59,0
DA:62,0
DA:65,0
DA:68,0
DA:69,0
DA:70,0
DA:73,0
DA:76,0
DA:79,0
DA:80,0
DA:81,0
DA:92,0
DA:94,0
DA:95,0
DA:100,0
DA:101,0
DA:102,0
DA:103,0
DA:105,0
DA:106,0
DA:108,0
DA:110,0
DA:111,0
DA:114,0
DA:117,0
DA:118,0
DA:120,0
DA:121,0
DA:124,0
DA:125,0
DA:130,0
DA:133,0
DA:134,0
DA:136,0
DA:137,0
DA:139,0
DA:140,0
DA:146,0
DA:147,0
DA:148,0
DA:149,0
DA:152,0
DA:153,0
DA:154,0
DA:155,0
DA:156,0
DA:160,0
DA:161,0
DA:162,0
DA:163,0
DA:164,0
DA:168,0
DA:170,0
DA:171,0
DA:172,0
DA:174,0
DA:176,0
DA:177,0
DA:178,0
DA:179,0
DA:180,0
DA:181,0
DA:185,0
DA:186,0
DA:188,0
DA:200,0
DA:209,0
DA:211,0
DA:212,0
DA:213,0
DA:215,0
DA:216,0
DA:217,0
DA:218,0
DA:219,0
DA:220,0
DA:221,0
DA:224,0
DA:225,0
DA:226,0
DA:236,0
DA:237,0
DA:238,0
DA:243,2
DA:245,2
DA:246,2
DA:247,2
DA:248,4
DA:250,2
DA:255,2
DA:256,2
DA:258,2
DA:261,2
DA:262,2
DA:268,2
DA:269,2
DA:270,2
DA:271,2
DA:277,2
DA:280,2
DA:281,0
DA:282,0
DA:287,2
DA:289,2
DA:292,2
DA:293,2
DA:294,2
DA:298,2
DA:299,2
DA:306,2
DA:307,2
DA:313,2
DA:314,2
DA:315,4
DA:324,2
DA:325,2
DA:327,2
DA:328,2
DA:330,2
DA:331,2
DA:334,2
DA:336,2
DA:337,2
DA:340,2
DA:342,2
DA:345,2
DA:355,2
DA:362,2
DA:364,2
DA:365,2
DA:366,4
DA:368,2
DA:369,2
DA:371,2
DA:372,2
DA:373,2
DA:375,4
DA:377,2
DA:378,2
LF:163
LH:65
end_of_record
SF:lib\services\auth_service.dart
DA:9,3
DA:11,1
DA:13,2
DA:14,4
DA:15,3
DA:17,1
DA:19,1
DA:23,1
DA:28,1
DA:31,2
DA:32,1
DA:33,1
DA:37,2
DA:39,1
DA:41,2
DA:46,1
DA:48,2
DA:49,1
DA:50,1
DA:51,2
DA:54,1
DA:56,2
DA:57,1
DA:58,2
DA:61,1
DA:62,3
DA:63,3
DA:69,0
DA:74,2
DA:77,2
DA:78,2
DA:81,2
DA:84,2
DA:85,1
DA:86,1
DA:88,1
DA:90,2
DA:96,2
DA:98,2
DA:99,2
DA:101,0
DA:103,0
DA:107,0
DA:111,2
DA:112,2
DA:113,2
DA:114,2
DA:115,2
DA:119,1
DA:122,2
DA:123,1
DA:124,1
DA:125,2
DA:126,1
DA:130,1
DA:132,0
DA:136,1
DA:138,2
DA:139,1
DA:140,1
DA:141,2
DA:143,1
DA:145,0
LF:63
LH:57
end_of_record
SF:lib\services\database_helper.dart
DA:5,9
DA:8,4
DA:11,10
DA:14,3
DA:18,2
DA:20,2
DA:23,3
DA:25,3
DA:29,3
DA:30,3
DA:31,3
DA:32,6
DA:35,0
DA:36,0
DA:47,1
DA:48,2
DA:49,1
DA:52,3
DA:53,6
DA:54,2
DA:57,1
DA:58,2
DA:59,2
LF:23
LH:21
end_of_record
SF:lib\screens\result_screen.dart
DA:15,3
DA:24,3
DA:27,3
DA:28,3
DA:31,1
DA:32,2
DA:33,1
DA:34,1
DA:35,2
DA:36,1
DA:37,1
DA:38,1
DA:39,1
DA:40,1
DA:43,0
DA:46,0
DA:52,3
DA:57,3
DA:58,6
DA:59,6
DA:60,6
DA:61,6
DA:62,6
DA:65,3
DA:66,9
DA:72,3
DA:75,6
DA:76,1
DA:77,3
DA:78,3
DA:82,6
DA:85,6
DA:86,1
DA:90,3
DA:91,3
DA:92,3
DA:93,6
DA:94,3
DA:97,3
DA:98,3
DA:100,0
DA:101,2
DA:111,3
DA:112,6
DA:113,3
DA:114,6
DA:118,3
DA:119,6
DA:120,4
DA:121,4
DA:123,3
DA:125,3
DA:126,3
DA:129,3
DA:131,3
DA:133,3
DA:135,3
DA:136,3
DA:138,3
DA:139,3
DA:142,6
DA:144,3
DA:146,3
DA:147,3
DA:148,3
DA:150,0
DA:151,0
DA:154,6
DA:165,1
DA:166,1
DA:167,1
DA:168,2
DA:169,1
DA:171,1
DA:172,1
DA:174,1
DA:176,1
DA:177,1
DA:178,1
DA:180,2
DA:184,2
DA:188,1
DA:189,2
DA:191,2
DA:192,1
DA:193,1
DA:205,3
DA:206,3
DA:209,6
DA:210,3
DA:211,2
DA:212,2
DA:213,4
DA:216,4
DA:221,3
DA:223,3
DA:224,3
DA:225,3
DA:226,3
DA:228,3
DA:229,9
DA:232,3
DA:233,15
DA:234,6
DA:239,3
DA:241,3
DA:243,3
DA:245,6
DA:253,3
DA:254,3
DA:255,3
DA:256,9
DA:258,9
DA:263,3
DA:264,3
DA:265,3
DA:267,3
DA:269,3
DA:270,6
DA:272,3
DA:274,3
DA:275,6
DA:277,3
DA:279,3
DA:290,3
DA:292,3
DA:294,3
DA:295,3
DA:296,3
DA:298,3
DA:299,3
DA:302,3
DA:308,3
DA:309,3
DA:312,3
DA:313,3
DA:314,3
DA:315,0
DA:318,0
DA:320,0
DA:322,6
DA:329,3
DA:330,2
DA:331,1
DA:332,1
DA:337,1
DA:338,2
DA:342,1
DA:343,1
DA:346,2
DA:348,2
DA:349,0
DA:350,0
DA:351,0
DA:352,0
DA:355,0
DA:357,0
LF:157
LH:143
end_of_record
SF:lib\widgets\language_selector.dart
DA:5,1
DA:7,3
DA:9,3
DA:11,3
DA:13,3
DA:14,6
DA:15,3
DA:16,3
DA:17,3
DA:23,3
DA:24,3
DA:25,3
DA:26,6
DA:29,6
DA:30,0
DA:32,0
DA:35,3
DA:36,3
DA:38,3
DA:40,3
DA:42,3
DA:44,3
DA:46,3
LF:23
LH:21
end_of_record
SF:lib\screens\SettingsScreen.dart
DA:7,1
DA:9,1
DA:10,1
DA:17,1
DA:19,1
DA:20,1
DA:24,1
DA:25,1
DA:26,2
DA:27,2
DA:28,2
DA:33,1
DA:34,1
DA:35,1
DA:39,1
DA:40,1
DA:42,1
DA:44,1
DA:45,1
DA:46,1
DA:51,1
DA:54,2
DA:57,0
DA:58,0
DA:59,0
DA:62,1
DA:65,2
DA:68,0
DA:69,0
DA:70,0
DA:73,1
DA:76,2
DA:79,0
DA:80,0
DA:81,0
DA:92,1
DA:94,1
DA:95,1
DA:100,1
DA:101,1
DA:102,2
DA:103,2
DA:105,2
DA:106,2
DA:108,1
DA:110,1
DA:111,2
DA:114,1
DA:117,1
DA:118,1
DA:120,1
DA:121,1
DA:124,0
DA:125,0
DA:130,1
DA:133,1
DA:134,1
DA:136,1
DA:137,1
DA:139,0
DA:140,0
DA:146,1
DA:147,1
DA:148,0
DA:149,2
DA:152,1
DA:153,1
DA:154,1
DA:155,1
DA:156,1
DA:160,1
DA:161,2
DA:162,2
DA:163,2
DA:164,3
DA:168,2
DA:170,2
DA:171,1
DA:172,1
DA:174,2
DA:176,1
DA:177,1
DA:178,0
DA:179,0
DA:180,0
DA:181,0
DA:185,2
DA:186,1
DA:188,2
DA:200,2
DA:209,1
DA:211,1
DA:212,1
DA:213,2
DA:215,2
DA:216,2
DA:217,2
DA:218,1
DA:219,1
DA:220,0
DA:221,2
DA:224,1
DA:225,2
DA:226,2
DA:236,2
DA:237,1
DA:238,3
DA:243,1
DA:245,1
DA:246,1
DA:247,1
DA:248,2
DA:250,1
DA:255,1
DA:256,1
DA:258,1
DA:261,1
DA:262,1
DA:268,1
DA:269,1
DA:270,1
DA:271,1
DA:277,1
DA:280,1
DA:281,1
DA:282,2
DA:287,1
DA:289,1
DA:292,1
DA:293,1
DA:294,1
DA:298,1
DA:299,1
DA:306,1
DA:307,1
DA:313,1
DA:314,1
DA:315,2
DA:324,1
DA:325,1
DA:327,1
DA:328,1
DA:330,1
DA:331,1
DA:334,1
DA:336,1
DA:337,1
DA:340,1
DA:342,1
DA:345,1
DA:355,1
DA:362,1
DA:364,1
DA:365,1
DA:366,2
DA:368,1
DA:369,1
DA:371,1
DA:372,1
DA:373,1
DA:375,2
DA:377,1
DA:378,1
LF:163
LH:144
end_of_record
